2024-01-03 07:28:27 INFO  [utils.Base] Browser Launched
2024-01-03 07:28:29 INFO  [utils.Base] Browser Loaded the URL
2024-01-03 07:28:32 INFO  [pages.homepage] 1234
2024-01-03 07:28:32 INFO  [pages.homepage] qwert
2024-01-03 07:28:32 INFO  [pages.homepage] Chrome
2024-01-03 07:28:34 INFO  [pages.homepage] Info Message!
2024-01-03 07:28:34 WARN  [pages.homepage] Warn Message!
2024-01-03 07:28:34 ERROR [pages.homepage] Error Message!
2024-01-03 07:28:34 FATAL [pages.homepage] Fatal Message!
2024-01-03 07:28:48 INFO  [utils.Base] Browser Launched
2024-01-03 07:28:51 INFO  [utils.Base] Browser Loaded the URL
2024-01-03 07:28:52 INFO  [pages.homepage] 1234
2024-01-03 07:28:52 INFO  [pages.homepage] qwert
2024-01-03 07:28:52 INFO  [pages.homepage] Chrome
2024-01-03 07:28:53 INFO  [pages.homepage] Info Message!
2024-01-03 07:28:53 WARN  [pages.homepage] Warn Message!
2024-01-03 07:28:53 ERROR [pages.homepage] Error Message!
2024-01-03 07:28:53 FATAL [pages.homepage] Fatal Message!
2024-01-03 07:28:59 INFO  [utils.Base] Browser Launched
2024-01-03 07:29:02 INFO  [utils.Base] Browser Loaded the URL
2024-01-03 07:29:03 INFO  [pages.homepage] 1234
2024-01-03 07:29:03 INFO  [pages.homepage] qwert
2024-01-03 07:29:03 INFO  [pages.homepage] Chrome
2024-01-03 07:29:04 INFO  [pages.homepage] Info Message!
2024-01-03 07:29:04 WARN  [pages.homepage] Warn Message!
2024-01-03 07:29:04 ERROR [pages.homepage] Error Message!
2024-01-03 07:29:04 FATAL [pages.homepage] Fatal Message!
